2023-01-17 12:06:45,332 - 30JulyEcommerce -INFO - Open commerce url
2023-01-17 12:06:45,516 - 30JulyEcommerce -INFO - Enter user mail
2023-01-17 12:06:45,621 - 30JulyEcommerce -INFO - Enter user password
2023-01-17 12:06:47,814 - 30JulyEcommerce -INFO - Clicked on login button
2023-01-17 12:08:41,289 - 30JulyEcommerce -INFO - Open commerce url
2023-01-17 12:08:41,475 - 30JulyEcommerce -INFO - Enter user mail
2023-01-17 12:08:41,580 - 30JulyEcommerce -INFO - Enter user password
2023-01-17 12:08:43,873 - 30JulyEcommerce -INFO - Clicked on login button
2023-01-17 12:08:44,200 - 30JulyEcommerce -INFO - Login successfully
2023-01-17 13:58:58,675 - 30JulyEcommerce -INFO - Open commerce url
2023-01-17 13:58:58,808 - 30JulyEcommerce -INFO - Enter user mail
2023-01-17 13:58:58,889 - 30JulyEcommerce -INFO - Enter user password
2023-01-17 13:59:00,876 - 30JulyEcommerce -INFO - Clicked on login button
2023-01-18 11:19:12,784 - 30JulyEcommerce -INFO - Open commerce url
2023-01-18 11:19:12,965 - 30JulyEcommerce -INFO - Enter user mail
2023-01-18 11:19:13,090 - 30JulyEcommerce -INFO - Enter user password
2023-01-18 11:19:15,197 - 30JulyEcommerce -INFO - Clicked on login button
2023-01-18 11:19:38,564 - 30JulyEcommerce -INFO - Open commerce url
2023-01-18 11:19:38,756 - 30JulyEcommerce -INFO - Enter user mail
2023-01-18 11:19:38,863 - 30JulyEcommerce -INFO - Enter user password
2023-01-18 11:19:39,876 - 30JulyEcommerce -INFO - Clicked on login button
2023-01-18 11:37:07,568 - 30JulyEcommerce -INFO - Open commerce url
2023-01-18 11:37:07,730 - 30JulyEcommerce -INFO - Enter user mail
2023-01-18 11:37:07,827 - 30JulyEcommerce -INFO - Enter user password
2023-01-18 11:37:09,859 - 30JulyEcommerce -INFO - Clicked on login button
2023-01-18 17:06:11,723 - 30JulyEcommerce -INFO - Open commerce url
2023-01-18 17:06:11,906 - 30JulyEcommerce -INFO - Enter user mail
2023-01-18 17:06:12,032 - 30JulyEcommerce -INFO - Enter user password
2023-01-18 17:06:13,954 - 30JulyEcommerce -INFO - Clicked on login button
2023-01-19 12:18:17,394 - 30JulyEcommerce -INFO - Open commerce url
2023-01-19 12:18:17,610 - 30JulyEcommerce -INFO - Enter user mail
2023-01-19 12:18:17,737 - 30JulyEcommerce -INFO - Enter user password
2023-01-19 12:18:20,300 - 30JulyEcommerce -INFO - Clicked on login button
2023-01-19 12:19:47,638 - 30JulyEcommerce -INFO - Open commerce url
2023-01-19 12:19:47,873 - 30JulyEcommerce -INFO - Enter user mail
2023-01-19 12:19:47,980 - 30JulyEcommerce -INFO - Enter user password
2023-01-19 12:19:50,464 - 30JulyEcommerce -INFO - Clicked on login button
2023-01-19 12:22:11,043 - 30JulyEcommerce -INFO - Open commerce url
2023-01-19 12:22:11,224 - 30JulyEcommerce -INFO - Enter user mail
2023-01-19 12:22:11,332 - 30JulyEcommerce -INFO - Enter user password
2023-01-19 12:22:17,640 - 30JulyEcommerce -INFO - Clicked on login button
2023-01-19 12:22:18,191 - 30JulyEcommerce -INFO - mouse over on computer
2023-01-19 12:24:34,937 - 30JulyEcommerce -INFO - Open commerce url
2023-01-19 12:24:35,139 - 30JulyEcommerce -INFO - Enter user mail
2023-01-19 12:24:35,245 - 30JulyEcommerce -INFO - Enter user password
2023-01-19 12:24:39,603 - 30JulyEcommerce -INFO - Clicked on login button
2023-01-19 12:24:40,165 - 30JulyEcommerce -INFO - mouse over on computer
2023-01-19 12:24:41,681 - 30JulyEcommerce -INFO - Click on notebook text
2023-01-19 12:26:43,867 - 30JulyEcommerce -INFO - Open commerce url
2023-01-19 12:26:44,041 - 30JulyEcommerce -INFO - Enter user mail
2023-01-19 12:26:44,131 - 30JulyEcommerce -INFO - Enter user password
2023-01-19 12:26:47,488 - 30JulyEcommerce -INFO - Clicked on login button
2023-01-19 12:26:48,053 - 30JulyEcommerce -INFO - mouse over on computer
2023-01-19 12:26:50,003 - 30JulyEcommerce -INFO - Click on notebook text
2023-01-19 12:30:08,663 - 30JulyEcommerce -INFO - Open commerce url
2023-01-19 12:30:08,836 - 30JulyEcommerce -INFO - Enter user mail
2023-01-19 12:30:08,954 - 30JulyEcommerce -INFO - Enter user password
2023-01-19 12:30:11,894 - 30JulyEcommerce -INFO - Clicked on login button
2023-01-19 12:30:12,353 - 30JulyEcommerce -INFO - mouse over on computer
2023-01-19 12:30:16,098 - 30JulyEcommerce -INFO - Click on notebook text
2023-01-19 12:35:21,389 - 30JulyEcommerce -INFO - Open commerce url
2023-01-19 12:35:21,527 - 30JulyEcommerce -INFO - Enter user mail
2023-01-19 12:35:21,610 - 30JulyEcommerce -INFO - Enter user password
2023-01-19 12:35:23,835 - 30JulyEcommerce -INFO - Clicked on login button
2023-01-19 12:35:24,325 - 30JulyEcommerce -INFO - mouse over on computer
2023-01-19 12:35:25,245 - 30JulyEcommerce -INFO - Click on notebook text
2023-01-19 12:38:03,331 - 30JulyEcommerce -INFO - Open commerce url
2023-01-19 12:38:03,465 - 30JulyEcommerce -INFO - Enter user mail
2023-01-19 12:38:03,559 - 30JulyEcommerce -INFO - Enter user password
2023-01-19 12:38:05,664 - 30JulyEcommerce -INFO - Clicked on login button
2023-01-19 12:38:06,166 - 30JulyEcommerce -INFO - mouse over on computer
2023-01-19 12:38:07,058 - 30JulyEcommerce -INFO - Click on notebook text
2023-01-19 12:39:53,370 - 30JulyEcommerce -INFO - Open commerce url
2023-01-19 12:39:53,505 - 30JulyEcommerce -INFO - Enter user mail
2023-01-19 12:39:53,591 - 30JulyEcommerce -INFO - Enter user password
2023-01-19 12:39:56,741 - 30JulyEcommerce -INFO - Clicked on login button
2023-01-19 12:39:57,267 - 30JulyEcommerce -INFO - mouse over on computer
2023-01-19 12:39:58,264 - 30JulyEcommerce -INFO - Click on notebook text
2023-01-19 12:41:40,176 - 30JulyEcommerce -INFO - Open commerce url
2023-01-19 12:41:40,328 - 30JulyEcommerce -INFO - Enter user mail
2023-01-19 12:41:40,415 - 30JulyEcommerce -INFO - Enter user password
2023-01-19 12:41:42,726 - 30JulyEcommerce -INFO - Clicked on login button
2023-01-19 12:41:43,281 - 30JulyEcommerce -INFO - mouse over on computer
2023-01-19 12:41:44,418 - 30JulyEcommerce -INFO - Click on notebook text
2023-01-19 12:43:34,343 - 30JulyEcommerce -INFO - Open commerce url
2023-01-19 12:43:34,478 - 30JulyEcommerce -INFO - Enter user mail
2023-01-19 12:43:34,562 - 30JulyEcommerce -INFO - Enter user password
2023-01-19 12:43:36,469 - 30JulyEcommerce -INFO - Clicked on login button
2023-01-19 12:43:37,032 - 30JulyEcommerce -INFO - mouse over on computer
2023-01-19 12:43:38,006 - 30JulyEcommerce -INFO - Click on notebook text
2023-01-19 12:46:13,484 - 30JulyEcommerce -INFO - Open commerce url
2023-01-19 12:46:13,609 - 30JulyEcommerce -INFO - Enter user mail
2023-01-19 12:46:13,700 - 30JulyEcommerce -INFO - Enter user password
2023-01-19 12:46:15,710 - 30JulyEcommerce -INFO - Clicked on login button
2023-01-19 12:46:16,198 - 30JulyEcommerce -INFO - mouse over on computer
2023-01-19 12:46:17,170 - 30JulyEcommerce -INFO - Click on notebook text
2023-01-19 12:46:20,112 - 30JulyEcommerce -INFO - product selected
2023-01-19 12:46:20,174 - 30JulyEcommerce -INFO - Add to cart
2023-01-19 12:46:20,704 - 30JulyEcommerce -INFO - Verified message
2023-01-19 12:46:20,757 - 30JulyEcommerce -INFO - clicked on close Tab
2023-01-19 15:49:32,030 - 30JulyEcommerce -INFO - Open commerce url
2023-01-19 15:49:32,164 - 30JulyEcommerce -INFO - Enter user mail
2023-01-19 15:49:32,252 - 30JulyEcommerce -INFO - Enter user password
2023-01-19 15:49:33,940 - 30JulyEcommerce -INFO - Clicked on login button
2023-01-19 15:49:38,247 - 30JulyEcommerce -INFO - Open commerce url
2023-01-19 15:49:38,346 - 30JulyEcommerce -INFO - Enter user mail
2023-01-19 15:49:38,438 - 30JulyEcommerce -INFO - Enter user password
2023-01-19 15:49:39,399 - 30JulyEcommerce -INFO - Clicked on login button
2023-01-19 15:49:57,571 - 30JulyEcommerce -INFO - mouse over on computer
2023-01-19 15:49:59,585 - 30JulyEcommerce -INFO - Click on notebook text
2023-01-19 15:50:02,487 - 30JulyEcommerce -INFO - product selected
2023-01-19 15:52:24,046 - 30JulyEcommerce -INFO - Open commerce url
2023-01-19 15:52:24,194 - 30JulyEcommerce -INFO - Enter user mail
2023-01-19 15:52:24,277 - 30JulyEcommerce -INFO - Enter user password
2023-01-19 15:52:26,307 - 30JulyEcommerce -INFO - Clicked on login button
2023-01-19 15:52:26,649 - 30JulyEcommerce -INFO - Login successfully
2023-01-19 15:52:29,965 - 30JulyEcommerce -INFO - Open commerce url
2023-01-19 15:52:30,074 - 30JulyEcommerce -INFO - Enter user mail
2023-01-19 15:52:30,159 - 30JulyEcommerce -INFO - Enter user password
2023-01-19 15:52:32,323 - 30JulyEcommerce -INFO - Clicked on login button
2023-01-19 15:52:32,827 - 30JulyEcommerce -INFO - mouse over on computer
2023-01-19 15:52:33,770 - 30JulyEcommerce -INFO - Click on notebook text
2023-01-19 15:52:36,267 - 30JulyEcommerce -INFO - product selected
2023-01-19 15:52:36,341 - 30JulyEcommerce -INFO - Add to cart
2023-01-19 15:52:36,879 - 30JulyEcommerce -INFO - Verified message
2023-01-19 15:52:36,928 - 30JulyEcommerce -INFO - clicked on close Tab
2023-01-20 11:21:02,159 - 30JulyEcommerce -INFO - User Created
2023-01-22 09:43:38,932 - 30JulyEcommerce -INFO - User Created
2023-01-22 12:29:44,428 - 30JulyEcommerce -INFO - Open commerce url
2023-01-22 12:29:44,601 - 30JulyEcommerce -INFO - Enter user mail
2023-01-22 12:29:44,710 - 30JulyEcommerce -INFO - Enter user password
2023-01-22 12:29:46,593 - 30JulyEcommerce -INFO - Clicked on login button
2023-01-22 12:29:49,464 - 30JulyEcommerce -INFO - Open commerce url
2023-01-22 12:29:49,561 - 30JulyEcommerce -INFO - Enter user mail
2023-01-22 12:29:49,653 - 30JulyEcommerce -INFO - Enter user password
2023-01-22 12:29:51,654 - 30JulyEcommerce -INFO - Clicked on login button
2023-01-22 12:29:55,135 - 30JulyEcommerce -INFO - Open commerce url
2023-01-22 12:29:55,273 - 30JulyEcommerce -INFO - Enter user mail
2023-01-22 12:29:55,387 - 30JulyEcommerce -INFO - Enter user password
2023-01-22 12:29:56,451 - 30JulyEcommerce -INFO - Clicked on login button
2023-01-22 12:29:59,641 - 30JulyEcommerce -INFO - Open commerce url
2023-01-22 12:29:59,757 - 30JulyEcommerce -INFO - Enter user mail
2023-01-22 12:29:59,848 - 30JulyEcommerce -INFO - Enter user password
2023-01-22 12:30:01,997 - 30JulyEcommerce -INFO - Clicked on login button
2023-01-22 12:31:36,063 - 30JulyEcommerce -INFO - Open commerce url
2023-01-22 12:31:36,235 - 30JulyEcommerce -INFO - Enter user mail
2023-01-22 12:31:36,335 - 30JulyEcommerce -INFO - Enter user password
2023-01-22 12:31:38,792 - 30JulyEcommerce -INFO - Clicked on login button
2023-01-22 12:31:41,135 - 30JulyEcommerce -INFO - Open commerce url
2023-01-22 12:31:41,242 - 30JulyEcommerce -INFO - Enter user mail
2023-01-22 12:31:41,329 - 30JulyEcommerce -INFO - Enter user password
2023-01-22 12:31:43,220 - 30JulyEcommerce -INFO - Clicked on login button
2023-01-22 12:31:46,365 - 30JulyEcommerce -INFO - Open commerce url
2023-01-22 12:31:46,481 - 30JulyEcommerce -INFO - Enter user mail
2023-01-22 12:31:46,571 - 30JulyEcommerce -INFO - Enter user password
2023-01-22 12:31:48,661 - 30JulyEcommerce -INFO - Clicked on login button
2023-01-22 12:31:51,875 - 30JulyEcommerce -INFO - Open commerce url
2023-01-22 12:31:51,987 - 30JulyEcommerce -INFO - Enter user mail
2023-01-22 12:31:52,080 - 30JulyEcommerce -INFO - Enter user password
2023-01-22 12:31:54,180 - 30JulyEcommerce -INFO - Clicked on login button
2023-01-22 12:32:47,643 - 30JulyEcommerce -INFO - User Created
2023-01-22 12:44:04,179 - 30JulyEcommerce -INFO - Open commerce url
2023-01-22 12:44:04,353 - 30JulyEcommerce -INFO - Enter user mail
2023-01-22 12:44:04,462 - 30JulyEcommerce -INFO - Enter user password
2023-01-22 12:44:07,468 - 30JulyEcommerce -INFO - Clicked on login button
2023-01-22 12:44:12,284 - 30JulyEcommerce -INFO - Open commerce url
2023-01-22 12:44:12,446 - 30JulyEcommerce -INFO - Enter user mail
2023-01-22 12:44:12,549 - 30JulyEcommerce -INFO - Enter user password
2023-01-22 12:44:13,850 - 30JulyEcommerce -INFO - Clicked on login button
2023-01-22 12:44:16,040 - 30JulyEcommerce -INFO - Open commerce url
2023-01-22 12:44:16,147 - 30JulyEcommerce -INFO - Enter user mail
2023-01-22 12:44:16,241 - 30JulyEcommerce -INFO - Enter user password
2023-01-22 12:44:17,429 - 30JulyEcommerce -INFO - Clicked on login button
2023-01-22 12:44:20,275 - 30JulyEcommerce -INFO - Open commerce url
2023-01-22 12:44:20,379 - 30JulyEcommerce -INFO - Enter user mail
2023-01-22 12:44:20,485 - 30JulyEcommerce -INFO - Enter user password
2023-01-22 12:44:22,499 - 30JulyEcommerce -INFO - Clicked on login button
