2023-01-17 12:06:45,332 [main] INFO 30JulyEcommerce - Open commerce url
2023-01-17 12:06:45,516 [main] INFO 30JulyEcommerce - Enter user mail
2023-01-17 12:06:45,621 [main] INFO 30JulyEcommerce - Enter user password
2023-01-17 12:06:47,814 [main] INFO 30JulyEcommerce - Clicked on login button
2023-01-17 12:08:41,289 [main] INFO 30JulyEcommerce - Open commerce url
2023-01-17 12:08:41,475 [main] INFO 30JulyEcommerce - Enter user mail
2023-01-17 12:08:41,580 [main] INFO 30JulyEcommerce - Enter user password
2023-01-17 12:08:43,873 [main] INFO 30JulyEcommerce - Clicked on login button
2023-01-17 12:08:44,200 [main] INFO 30JulyEcommerce - Login successfully
2023-01-17 13:58:58,675 [main] INFO 30JulyEcommerce - Open commerce url
2023-01-17 13:58:58,808 [main] INFO 30JulyEcommerce - Enter user mail
2023-01-17 13:58:58,889 [main] INFO 30JulyEcommerce - Enter user password
2023-01-17 13:59:00,876 [main] INFO 30JulyEcommerce - Clicked on login button
2023-01-18 11:19:12,784 [main] INFO 30JulyEcommerce - Open commerce url
2023-01-18 11:19:12,965 [main] INFO 30JulyEcommerce - Enter user mail
2023-01-18 11:19:13,090 [main] INFO 30JulyEcommerce - Enter user password
2023-01-18 11:19:15,197 [main] INFO 30JulyEcommerce - Clicked on login button
2023-01-18 11:19:38,564 [main] INFO 30JulyEcommerce - Open commerce url
2023-01-18 11:19:38,756 [main] INFO 30JulyEcommerce - Enter user mail
2023-01-18 11:19:38,863 [main] INFO 30JulyEcommerce - Enter user password
2023-01-18 11:19:39,876 [main] INFO 30JulyEcommerce - Clicked on login button
2023-01-18 11:37:07,568 [main] INFO 30JulyEcommerce - Open commerce url
2023-01-18 11:37:07,730 [main] INFO 30JulyEcommerce - Enter user mail
2023-01-18 11:37:07,827 [main] INFO 30JulyEcommerce - Enter user password
2023-01-18 11:37:09,859 [main] INFO 30JulyEcommerce - Clicked on login button
2023-01-18 17:06:11,723 [main] INFO 30JulyEcommerce - Open commerce url
2023-01-18 17:06:11,906 [main] INFO 30JulyEcommerce - Enter user mail
2023-01-18 17:06:12,032 [main] INFO 30JulyEcommerce - Enter user password
2023-01-18 17:06:13,954 [main] INFO 30JulyEcommerce - Clicked on login button
2023-01-19 12:18:17,394 [main] INFO 30JulyEcommerce - Open commerce url
2023-01-19 12:18:17,610 [main] INFO 30JulyEcommerce - Enter user mail
2023-01-19 12:18:17,737 [main] INFO 30JulyEcommerce - Enter user password
2023-01-19 12:18:20,300 [main] INFO 30JulyEcommerce - Clicked on login button
2023-01-19 12:19:47,638 [main] INFO 30JulyEcommerce - Open commerce url
2023-01-19 12:19:47,873 [main] INFO 30JulyEcommerce - Enter user mail
2023-01-19 12:19:47,980 [main] INFO 30JulyEcommerce - Enter user password
2023-01-19 12:19:50,464 [main] INFO 30JulyEcommerce - Clicked on login button
2023-01-19 12:22:11,043 [main] INFO 30JulyEcommerce - Open commerce url
2023-01-19 12:22:11,224 [main] INFO 30JulyEcommerce - Enter user mail
2023-01-19 12:22:11,332 [main] INFO 30JulyEcommerce - Enter user password
2023-01-19 12:22:17,640 [main] INFO 30JulyEcommerce - Clicked on login button
2023-01-19 12:22:18,191 [main] INFO 30JulyEcommerce - mouse over on computer
2023-01-19 12:24:34,937 [main] INFO 30JulyEcommerce - Open commerce url
2023-01-19 12:24:35,139 [main] INFO 30JulyEcommerce - Enter user mail
2023-01-19 12:24:35,245 [main] INFO 30JulyEcommerce - Enter user password
2023-01-19 12:24:39,603 [main] INFO 30JulyEcommerce - Clicked on login button
2023-01-19 12:24:40,165 [main] INFO 30JulyEcommerce - mouse over on computer
2023-01-19 12:24:41,681 [main] INFO 30JulyEcommerce - Click on notebook text
2023-01-19 12:26:43,867 [main] INFO 30JulyEcommerce - Open commerce url
2023-01-19 12:26:44,041 [main] INFO 30JulyEcommerce - Enter user mail
2023-01-19 12:26:44,131 [main] INFO 30JulyEcommerce - Enter user password
2023-01-19 12:26:47,488 [main] INFO 30JulyEcommerce - Clicked on login button
2023-01-19 12:26:48,053 [main] INFO 30JulyEcommerce - mouse over on computer
2023-01-19 12:26:50,003 [main] INFO 30JulyEcommerce - Click on notebook text
2023-01-19 12:30:08,663 [main] INFO 30JulyEcommerce - Open commerce url
2023-01-19 12:30:08,836 [main] INFO 30JulyEcommerce - Enter user mail
2023-01-19 12:30:08,954 [main] INFO 30JulyEcommerce - Enter user password
2023-01-19 12:30:11,894 [main] INFO 30JulyEcommerce - Clicked on login button
2023-01-19 12:30:12,353 [main] INFO 30JulyEcommerce - mouse over on computer
2023-01-19 12:30:16,098 [main] INFO 30JulyEcommerce - Click on notebook text
2023-01-19 12:35:21,389 [main] INFO 30JulyEcommerce - Open commerce url
2023-01-19 12:35:21,527 [main] INFO 30JulyEcommerce - Enter user mail
2023-01-19 12:35:21,610 [main] INFO 30JulyEcommerce - Enter user password
2023-01-19 12:35:23,835 [main] INFO 30JulyEcommerce - Clicked on login button
2023-01-19 12:35:24,325 [main] INFO 30JulyEcommerce - mouse over on computer
2023-01-19 12:35:25,245 [main] INFO 30JulyEcommerce - Click on notebook text
2023-01-19 12:38:03,331 [main] INFO 30JulyEcommerce - Open commerce url
2023-01-19 12:38:03,465 [main] INFO 30JulyEcommerce - Enter user mail
2023-01-19 12:38:03,559 [main] INFO 30JulyEcommerce - Enter user password
2023-01-19 12:38:05,664 [main] INFO 30JulyEcommerce - Clicked on login button
2023-01-19 12:38:06,166 [main] INFO 30JulyEcommerce - mouse over on computer
2023-01-19 12:38:07,058 [main] INFO 30JulyEcommerce - Click on notebook text
2023-01-19 12:39:53,370 [main] INFO 30JulyEcommerce - Open commerce url
2023-01-19 12:39:53,505 [main] INFO 30JulyEcommerce - Enter user mail
2023-01-19 12:39:53,591 [main] INFO 30JulyEcommerce - Enter user password
2023-01-19 12:39:56,741 [main] INFO 30JulyEcommerce - Clicked on login button
2023-01-19 12:39:57,267 [main] INFO 30JulyEcommerce - mouse over on computer
2023-01-19 12:39:58,264 [main] INFO 30JulyEcommerce - Click on notebook text
2023-01-19 12:41:40,176 [main] INFO 30JulyEcommerce - Open commerce url
2023-01-19 12:41:40,328 [main] INFO 30JulyEcommerce - Enter user mail
2023-01-19 12:41:40,415 [main] INFO 30JulyEcommerce - Enter user password
2023-01-19 12:41:42,726 [main] INFO 30JulyEcommerce - Clicked on login button
2023-01-19 12:41:43,281 [main] INFO 30JulyEcommerce - mouse over on computer
2023-01-19 12:41:44,418 [main] INFO 30JulyEcommerce - Click on notebook text
2023-01-19 12:43:34,343 [main] INFO 30JulyEcommerce - Open commerce url
2023-01-19 12:43:34,478 [main] INFO 30JulyEcommerce - Enter user mail
2023-01-19 12:43:34,562 [main] INFO 30JulyEcommerce - Enter user password
2023-01-19 12:43:36,469 [main] INFO 30JulyEcommerce - Clicked on login button
2023-01-19 12:43:37,032 [main] INFO 30JulyEcommerce - mouse over on computer
2023-01-19 12:43:38,006 [main] INFO 30JulyEcommerce - Click on notebook text
2023-01-19 12:46:13,484 [main] INFO 30JulyEcommerce - Open commerce url
2023-01-19 12:46:13,609 [main] INFO 30JulyEcommerce - Enter user mail
2023-01-19 12:46:13,700 [main] INFO 30JulyEcommerce - Enter user password
2023-01-19 12:46:15,710 [main] INFO 30JulyEcommerce - Clicked on login button
2023-01-19 12:46:16,198 [main] INFO 30JulyEcommerce - mouse over on computer
2023-01-19 12:46:17,170 [main] INFO 30JulyEcommerce - Click on notebook text
2023-01-19 12:46:20,112 [main] INFO 30JulyEcommerce - product selected
2023-01-19 12:46:20,174 [main] INFO 30JulyEcommerce - Add to cart
2023-01-19 12:46:20,704 [main] INFO 30JulyEcommerce - Verified message
2023-01-19 12:46:20,757 [main] INFO 30JulyEcommerce - clicked on close Tab
2023-01-19 15:49:32,030 [main] INFO 30JulyEcommerce - Open commerce url
2023-01-19 15:49:32,164 [main] INFO 30JulyEcommerce - Enter user mail
2023-01-19 15:49:32,252 [main] INFO 30JulyEcommerce - Enter user password
2023-01-19 15:49:33,940 [main] INFO 30JulyEcommerce - Clicked on login button
2023-01-19 15:49:38,247 [main] INFO 30JulyEcommerce - Open commerce url
2023-01-19 15:49:38,346 [main] INFO 30JulyEcommerce - Enter user mail
2023-01-19 15:49:38,438 [main] INFO 30JulyEcommerce - Enter user password
2023-01-19 15:49:39,399 [main] INFO 30JulyEcommerce - Clicked on login button
2023-01-19 15:49:57,571 [main] INFO 30JulyEcommerce - mouse over on computer
2023-01-19 15:49:59,585 [main] INFO 30JulyEcommerce - Click on notebook text
2023-01-19 15:50:02,487 [main] INFO 30JulyEcommerce - product selected
2023-01-19 15:52:24,046 [main] INFO 30JulyEcommerce - Open commerce url
2023-01-19 15:52:24,194 [main] INFO 30JulyEcommerce - Enter user mail
2023-01-19 15:52:24,277 [main] INFO 30JulyEcommerce - Enter user password
2023-01-19 15:52:26,307 [main] INFO 30JulyEcommerce - Clicked on login button
2023-01-19 15:52:26,649 [main] INFO 30JulyEcommerce - Login successfully
2023-01-19 15:52:29,965 [main] INFO 30JulyEcommerce - Open commerce url
2023-01-19 15:52:30,074 [main] INFO 30JulyEcommerce - Enter user mail
2023-01-19 15:52:30,159 [main] INFO 30JulyEcommerce - Enter user password
2023-01-19 15:52:32,323 [main] INFO 30JulyEcommerce - Clicked on login button
2023-01-19 15:52:32,827 [main] INFO 30JulyEcommerce - mouse over on computer
2023-01-19 15:52:33,770 [main] INFO 30JulyEcommerce - Click on notebook text
2023-01-19 15:52:36,267 [main] INFO 30JulyEcommerce - product selected
2023-01-19 15:52:36,341 [main] INFO 30JulyEcommerce - Add to cart
2023-01-19 15:52:36,879 [main] INFO 30JulyEcommerce - Verified message
2023-01-19 15:52:36,928 [main] INFO 30JulyEcommerce - clicked on close Tab
2023-01-20 11:21:02,159 [main] INFO 30JulyEcommerce - User Created
2023-01-22 09:43:38,932 [main] INFO 30JulyEcommerce - User Created
2023-01-22 12:29:44,428 [main] INFO 30JulyEcommerce - Open commerce url
2023-01-22 12:29:44,601 [main] INFO 30JulyEcommerce - Enter user mail
2023-01-22 12:29:44,710 [main] INFO 30JulyEcommerce - Enter user password
2023-01-22 12:29:46,593 [main] INFO 30JulyEcommerce - Clicked on login button
2023-01-22 12:29:49,464 [main] INFO 30JulyEcommerce - Open commerce url
2023-01-22 12:29:49,561 [main] INFO 30JulyEcommerce - Enter user mail
2023-01-22 12:29:49,653 [main] INFO 30JulyEcommerce - Enter user password
2023-01-22 12:29:51,654 [main] INFO 30JulyEcommerce - Clicked on login button
2023-01-22 12:29:55,135 [main] INFO 30JulyEcommerce - Open commerce url
2023-01-22 12:29:55,273 [main] INFO 30JulyEcommerce - Enter user mail
2023-01-22 12:29:55,387 [main] INFO 30JulyEcommerce - Enter user password
2023-01-22 12:29:56,451 [main] INFO 30JulyEcommerce - Clicked on login button
2023-01-22 12:29:59,641 [main] INFO 30JulyEcommerce - Open commerce url
2023-01-22 12:29:59,757 [main] INFO 30JulyEcommerce - Enter user mail
2023-01-22 12:29:59,848 [main] INFO 30JulyEcommerce - Enter user password
2023-01-22 12:30:01,997 [main] INFO 30JulyEcommerce - Clicked on login button
2023-01-22 12:31:36,063 [main] INFO 30JulyEcommerce - Open commerce url
2023-01-22 12:31:36,235 [main] INFO 30JulyEcommerce - Enter user mail
2023-01-22 12:31:36,335 [main] INFO 30JulyEcommerce - Enter user password
2023-01-22 12:31:38,792 [main] INFO 30JulyEcommerce - Clicked on login button
2023-01-22 12:31:41,135 [main] INFO 30JulyEcommerce - Open commerce url
2023-01-22 12:31:41,242 [main] INFO 30JulyEcommerce - Enter user mail
2023-01-22 12:31:41,329 [main] INFO 30JulyEcommerce - Enter user password
2023-01-22 12:31:43,220 [main] INFO 30JulyEcommerce - Clicked on login button
2023-01-22 12:31:46,365 [main] INFO 30JulyEcommerce - Open commerce url
2023-01-22 12:31:46,481 [main] INFO 30JulyEcommerce - Enter user mail
2023-01-22 12:31:46,571 [main] INFO 30JulyEcommerce - Enter user password
2023-01-22 12:31:48,661 [main] INFO 30JulyEcommerce - Clicked on login button
2023-01-22 12:31:51,875 [main] INFO 30JulyEcommerce - Open commerce url
2023-01-22 12:31:51,987 [main] INFO 30JulyEcommerce - Enter user mail
2023-01-22 12:31:52,080 [main] INFO 30JulyEcommerce - Enter user password
2023-01-22 12:31:54,180 [main] INFO 30JulyEcommerce - Clicked on login button
2023-01-22 12:32:47,643 [main] INFO 30JulyEcommerce - User Created
2023-01-22 12:44:04,179 [main] INFO 30JulyEcommerce - Open commerce url
2023-01-22 12:44:04,353 [main] INFO 30JulyEcommerce - Enter user mail
2023-01-22 12:44:04,462 [main] INFO 30JulyEcommerce - Enter user password
2023-01-22 12:44:07,468 [main] INFO 30JulyEcommerce - Clicked on login button
2023-01-22 12:44:12,284 [main] INFO 30JulyEcommerce - Open commerce url
2023-01-22 12:44:12,446 [main] INFO 30JulyEcommerce - Enter user mail
2023-01-22 12:44:12,549 [main] INFO 30JulyEcommerce - Enter user password
2023-01-22 12:44:13,850 [main] INFO 30JulyEcommerce - Clicked on login button
2023-01-22 12:44:16,040 [main] INFO 30JulyEcommerce - Open commerce url
2023-01-22 12:44:16,147 [main] INFO 30JulyEcommerce - Enter user mail
2023-01-22 12:44:16,241 [main] INFO 30JulyEcommerce - Enter user password
2023-01-22 12:44:17,429 [main] INFO 30JulyEcommerce - Clicked on login button
2023-01-22 12:44:20,275 [main] INFO 30JulyEcommerce - Open commerce url
2023-01-22 12:44:20,379 [main] INFO 30JulyEcommerce - Enter user mail
2023-01-22 12:44:20,485 [main] INFO 30JulyEcommerce - Enter user password
2023-01-22 12:44:22,499 [main] INFO 30JulyEcommerce - Clicked on login button
